<?xml version="1.0" encoding="UTF-8"?>
<testng-results skipped="0" failed="0" ignored="0" total="1" passed="1">
  <reporter-output>
  </reporter-output>
  <suite name="Main Test Suite" duration-ms="9753" started-at="2019-11-24T10:27:12Z" finished-at="2019-11-24T10:27:22Z">
    <groups>
    </groups>
    <test name="TestNG Test Group1" duration-ms="9753" started-at="2019-11-24T10:27:12Z" finished-at="2019-11-24T10:27:22Z">
      <class name="Com.DriverSetUp.BrowserLaunch">
        <test-method status="PASS" signature="ChromeDriver()[pri:0, instance:Com.DriverSetUp.BrowserLaunch@74650e52]" name="ChromeDriver" is-config="true" duration-ms="4781" started-at="2019-11-24T10:27:12Z" finished-at="2019-11-24T10:27:17Z">
          <reporter-output>
          </reporter-output>
        </test-method> <!-- ChromeDriver -->
        <test-method status="PASS" signature="Url_Launch()[pri:1, instance:Com.DriverSetUp.BrowserLaunch@74650e52]" name="Url_Launch" duration-ms="4952" started-at="2019-11-24T10:27:17Z" finished-at="2019-11-24T10:27:22Z">
          <reporter-output>
          </reporter-output>
        </test-method> <!-- Url_Launch -->
      </class> <!-- Com.DriverSetUp.BrowserLaunch -->
    </test> <!-- TestNG Test Group1 -->
  </suite> <!-- Main Test Suite -->
</testng-results>
